# JRE version: Java(TM) SE Runtime Environment (17.0.4.1+1) (build 17.0.4.1+1-LTS-2)
# Java VM: Java HotSpot(TM) 64-Bit Server VM (17.0.4.1+1-LTS-2, mixed mode, emulated-client, sharing, tiered, compressed oops, compressed class ptrs, g1 gc, windows-amd64)
GC Precious Log:
 CPUs: 12 total, 12 available
 Memory: 15741M
 Large Page Support: Disabled
 NUMA Support: Disabled
 Compressed Oops: Enabled (Zero based)
 Heap Region Size: 2M
 Heap Min Capacity: 8M
 Heap Initial Capacity: 246M
 Heap Max Capacity: 3936M
 Pre-touch: Disabled
 Parallel Workers: 10
 Concurrent Workers: 3
 Concurrent Refinement Workers: 10
 Periodic GC: Disabled
Heap:
 garbage-first heap   total 483328K, used 227655K [0x000000070a000000, 0x0000000800000000)
  region size 2048K, 12 young (24576K), 12 survivors (24576K)
 Metaspace       used 46452K, committed 47232K, reserved 1097728K
  class space    used 6209K, committed 6592K, reserved 1048576K
GC Heap History (20 events):
Event: 381.511 GC heap after
{Heap after GC invocations=31 (full 0):
 garbage-first heap   total 354304K, used 130990K [0x000000070a000000, 0x0000000800000000)
  region size 2048K, 7 young (14336K), 7 survivors (14336K)
 Metaspace       used 46412K, committed 47232K, reserved 1097728K
  class space    used 6202K, committed 6592K, reserved 1048576K
}
Event: 381.753 GC heap before
{Heap before GC invocations=31 (full 0):
 garbage-first heap   total 354304K, used 274350K [0x000000070a000000, 0x0000000800000000)
  region size 2048K, 78 young (159744K), 7 survivors (14336K)
 Metaspace       used 46432K, committed 47232K, reserved 1097728K
  class space    used 6205K, committed 6592K, reserved 1048576K
}
Event: 381.766 GC heap after
{Heap after GC invocations=32 (full 0):
 garbage-first heap   total 354304K, used 155431K [0x000000070a000000, 0x0000000800000000)
  region size 2048K, 10 young (20480K), 10 survivors (20480K)
 Metaspace       used 46432K, committed 47232K, reserved 1097728K
  class space    used 6205K, committed 6592K, reserved 1048576K
}
Event: 381.913 GC heap before
{Heap before GC invocations=32 (full 0):
 garbage-first heap   total 354304K, used 266023K [0x000000070a000000, 0x0000000800000000)
  region size 2048K, 54 young (110592K), 10 survivors (20480K)
 Metaspace       used 46432K, committed 47232K, reserved 1097728K
  class space    used 6205K, committed 6592K, reserved 1048576K
}
Event: 381.920 GC heap after
{Heap after GC invocations=33 (full 0):
 garbage-first heap   total 354304K, used 161236K [0x000000070a000000, 0x0000000800000000)
  region size 2048K, 2 young (4096K), 2 survivors (4096K)
 Metaspace       used 46432K, committed 47232K, reserved 1097728K
  class space    used 6205K, committed 6592K, reserved 1048576K
}
Event: 381.934 GC heap before
{Heap before GC invocations=33 (full 0):
 garbage-first heap   total 354304K, used 163284K [0x000000070a000000, 0x0000000800000000)
  region size 2048K, 3 young (6144K), 2 survivors (4096K)
 Metaspace       used 46432K, committed 47232K, reserved 1097728K
  class space    used 6205K, committed 6592K, reserved 1048576K
}
Event: 381.936 GC heap after
{Heap after GC invocations=34 (full 0):
 garbage-first heap   total 483328K, used 159975K [0x000000070a000000, 0x0000000800000000)
  region size 2048K, 2 young (4096K), 2 survivors (4096K)
 Metaspace       used 46432K, committed 47232K, reserved 1097728K
  class space    used 6205K, committed 6592K, reserved 1048576K
}
Event: 383.643 GC heap before
{Heap before GC invocations=34 (full 0):
 garbage-first heap   total 483328K, used 362727K [0x000000070a000000, 0x0000000800000000)
  region size 2048K, 89 young (182272K), 2 survivors (4096K)
 Metaspace       used 46432K, committed 47232K, reserved 1097728K
  class space    used 6205K, committed 6592K, reserved 1048576K
}
Event: 383.650 GC heap after
{Heap after GC invocations=35 (full 0):
 garbage-first heap   total 483328K, used 184595K [0x000000070a000000, 0x0000000800000000)
  region size 2048K, 9 young (18432K), 9 survivors (18432K)
 Metaspace       used 46432K, committed 47232K, reserved 1097728K
  class space    used 6205K, committed 6592K, reserved 1048576K
}
Event: 396.105 GC heap before
{Heap before GC invocations=35 (full 0):
 garbage-first heap   total 483328K, used 354579K [0x000000070a000000, 0x0000000800000000)
  region size 2048K, 91 young (186368K), 9 survivors (18432K)
 Metaspace       used 46452K, committed 47232K, reserved 1097728K
  class space    used 6208K, committed 6592K, reserved 1048576K
}
Event: 396.114 GC heap after
{Heap after GC invocations=36 (full 0):
 garbage-first heap   total 483328K, used 195442K [0x000000070a000000, 0x0000000800000000)
  region size 2048K, 12 young (24576K), 12 survivors (24576K)
 Metaspace       used 46452K, committed 47232K, reserved 1097728K
  class space    used 6208K, committed 6592K, reserved 1048576K
}
Event: 396.369 GC heap before
{Heap before GC invocations=36 (full 0):
 garbage-first heap   total 483328K, used 353138K [0x000000070a000000, 0x0000000800000000)
  region size 2048K, 90 young (184320K), 12 survivors (24576K)
 Metaspace       used 46452K, committed 47232K, reserved 1097728K
  class space    used 6208K, committed 6592K, reserved 1048576K
}
Event: 396.375 GC heap after
{Heap after GC invocations=37 (full 0):
 garbage-first heap   total 483328K, used 195161K [0x000000070a000000, 0x0000000800000000)
  region size 2048K, 4 young (8192K), 4 survivors (8192K)
 Metaspace       used 46452K, committed 47232K, reserved 1097728K
  class space    used 6208K, committed 6592K, reserved 1048576K
}
Event: 396.635 GC heap before
{Heap before GC invocations=37 (full 0):
 garbage-first heap   total 483328K, used 361049K [0x000000070a000000, 0x0000000800000000)
  region size 2048K, 86 young (176128K), 4 survivors (8192K)
 Metaspace       used 46452K, committed 47232K, reserved 1097728K
  class space    used 6208K, committed 6592K, reserved 1048576K
}
Event: 396.638 GC heap after
{Heap after GC invocations=38 (full 0):
 garbage-first heap   total 483328K, used 200459K [0x000000070a000000, 0x0000000800000000)
  region size 2048K, 6 young (12288K), 6 survivors (12288K)
 Metaspace       used 46452K, committed 47232K, reserved 1097728K
  class space    used 6208K, committed 6592K, reserved 1048576K
}
Event: 396.691 GC heap before
{Heap before GC invocations=38 (full 0):
 garbage-first heap   total 483328K, used 249611K [0x000000070a000000, 0x0000000800000000)
  region size 2048K, 19 young (38912K), 6 survivors (12288K)
 Metaspace       used 46452K, committed 47232K, reserved 1097728K
  class space    used 6208K, committed 6592K, reserved 1048576K
}
Event: 396.695 GC heap after
{Heap after GC invocations=39 (full 0):
 garbage-first heap   total 483328K, used 203011K [0x000000070a000000, 0x0000000800000000)
  region size 2048K, 6 young (12288K), 6 survivors (12288K)
 Metaspace       used 46452K, committed 47232K, reserved 1097728K
  class space    used 6208K, committed 6592K, reserved 1048576K
}
Event: 396.712 GC heap before
{Heap before GC invocations=39 (full 0):
 garbage-first heap   total 483328K, used 225539K [0x000000070a000000, 0x0000000800000000)
  region size 2048K, 7 young (14336K), 6 survivors (12288K)
 Metaspace       used 46452K, committed 47232K, reserved 1097728K
  class space    used 6208K, committed 6592K, reserved 1048576K
}
Event: 396.715 GC heap after
{Heap after GC invocations=40 (full 0):
 garbage-first heap   total 483328K, used 208786K [0x000000070a000000, 0x0000000800000000)
  region size 2048K, 6 young (12288K), 6 survivors (12288K)
 Metaspace       used 46452K, committed 47232K, reserved 1097728K
  class space    used 6208K, committed 6592K, reserved 1048576K
}
Event: 401.975 GC heap before
{Heap before GC invocations=40 (full 0):
 garbage-first heap   total 483328K, used 393106K [0x000000070a000000, 0x0000000800000000)
  region size 2048K, 95 young (194560K), 6 survivors (12288K)
 Metaspace       used 46452K, committed 47232K, reserved 1097728K
  class space    used 6209K, committed 6592K, reserved 1048576K
}

